<?xml version="1.0" encoding="UTF-8"?>
<testng-results ignored="0" total="1" passed="1" failed="0" skipped="0">
  <reporter-output>
  </reporter-output>
  <suite started-at="2019-12-27T06:16:56Z" name="Suite" finished-at="2019-12-27T06:17:04Z" duration-ms="7979">
    <groups>
    </groups>
    <test started-at="2019-12-27T06:16:56Z" name="Test" finished-at="2019-12-27T06:17:04Z" duration-ms="7979">
      <class name="com.qa.tests.HRM_Login">
        <test-method signature="login()[pri:0, instance:com.qa.tests.HRM_Login@73700b80]" started-at="2019-12-27T11:46:56Z" name="login" finished-at="2019-12-27T11:47:04Z" duration-ms="7955" status="PASS">
          <reporter-output>
          </reporter-output>
        </test-method> <!-- login -->
      </class> <!-- com.qa.tests.HRM_Login -->
    </test> <!-- Test -->
  </suite> <!-- Suite -->
</testng-results>
